<?xml version="1.0" encoding="UTF-8"?>
<testsuite xmlns:xsi="http://www.w3.org/2001/XMLSchema-instance" xsi:noNamespaceSchemaLocation="https://maven.apache.org/surefire/maven-surefire-plugin/xsd/surefire-test-report.xsd" version="3.0.2" name="com.thomxs1.AppTest" time="0.07" tests="8" errors="0" skipped="0" failures="0">
  <properties>
[...]
</properties>
  <testcase name="testValidPassword" classname="com.thomxs1.AppTest" time="0.032"/>
  <testcase name="testPasswordWithoutBundesligaClub" classname="com.thomxs1.AppTest" time="0.002"/>
  <testcase name="testPasswordWithoutUppercase" classname="com.thomxs1.AppTest" time="0.001"/>
  <testcase name="testPasswordTooShort" classname="com.thomxs1.AppTest" time="0.001"/>
  <testcase name="testPasswordWithSpaces" classname="com.thomxs1.AppTest" time="0.001"/>
  <testcase name="testEmptyPassword" classname="com.thomxs1.AppTest" time="0.0"/>
  <testcase name="testPasswordWithoutSpecialCharacter" classname="com.thomxs1.AppTest" time="0.001"/>
  <testcase name="testPasswordWithRepeatedSequences" classname="com.thomxs1.AppTest" time="0.001"/>
</testsuite>